Start testing: Jun 05 18:51 CST
----------------------------------------------------------
1/15 Testing: Multiplication_Test
1/15 Test: Multiplication_Test
Command: "/usr/bin/mpirun" "-np" "4" "./ReleaseTests/MultTest" "TESTDATA/rmat_scale16_A.txt" "TESTDATA/rmat_scale16_B.txt" "TESTDATA/rmat_scale16_productAB.txt" "TESTDATA/x_65536_halfdense.txt" "TESTDATA/y_65536_halfdense.txt"
Directory: /home/allenzou/git/CombBLAS
"Multiplication_Test" start time: Jun 05 18:51 CST
Output:
----------------------------------------------------------
Dense SpMV (fully dist) working correctly
Sparse SpMV (fully dist) working correctly
Synchronous Multiplication working correctly
Double buffered multiplication working correctly
Optimization buffers set
Graph500 Optimizations are correct
Multithreaded Sparse SpMV works
<end of output>
Test time =   4.79 sec
----------------------------------------------------------
Test Passed.
"Multiplication_Test" end time: Jun 05 18:51 CST
"Multiplication_Test" time elapsed: 00:00:04
----------------------------------------------------------

2/15 Testing: Reduction_Test
2/15 Test: Reduction_Test
Command: "/usr/bin/mpirun" "-np" "4" "./ReleaseTests/ReduceTest" "TESTDATA/sprand10000" "TESTDATA/sprand10000_sumcols" "TESTDATA/sprand10000_sumrows"
Directory: /home/allenzou/git/CombBLAS
"Reduction_Test" start time: Jun 05 18:51 CST
Output:
----------------------------------------------------------
Reduction via summation working correctly
<end of output>
Test time =   0.10 sec
----------------------------------------------------------
Test Passed.
"Reduction_Test" end time: Jun 05 18:51 CST
"Reduction_Test" time elapsed: 00:00:00
----------------------------------------------------------

3/15 Testing: Iterator_Test
3/15 Test: Iterator_Test
Command: "/usr/bin/mpirun" "-np" "4" "./ReleaseTests/IteratorTest" "TESTDATA" "sprand10000"
Directory: /home/allenzou/git/CombBLAS
"Iterator_Test" start time: Jun 05 18:51 CST
Output:
----------------------------------------------------------
Iteration passed soft test
<end of output>
Test time =   0.09 sec
----------------------------------------------------------
Test Passed.
"Iterator_Test" end time: Jun 05 18:51 CST
"Iterator_Test" time elapsed: 00:00:00
----------------------------------------------------------

4/15 Testing: Transpose_Test
4/15 Test: Transpose_Test
Command: "/usr/bin/mpirun" "-np" "4" "./ReleaseTests/TransposeTest" "TESTDATA" "betwinput_scale16" "betwinput_transposed_scale16"
Directory: /home/allenzou/git/CombBLAS
"Transpose_Test" start time: Jun 05 18:51 CST
Output:
----------------------------------------------------------
Transpose working correctly
<end of output>
Test time =   0.63 sec
----------------------------------------------------------
Test Passed.
"Transpose_Test" end time: Jun 05 18:51 CST
"Transpose_Test" time elapsed: 00:00:00
----------------------------------------------------------

5/15 Testing: Indexing_Test
5/15 Test: Indexing_Test
Command: "/usr/bin/mpirun" "-np" "4" "./ReleaseTests/IndexingTest" "TESTDATA" "B_100x100.txt" "B_10x30_Indexed.txt" "rand10outta100.txt" "rand30outta100.txt"
Directory: /home/allenzou/git/CombBLAS
"Indexing_Test" start time: Jun 05 18:51 CST
Output:
----------------------------------------------------------
Indexing working correctly
Elements stored on proc 0: {(0,0.234), (1,0.829), (2,0.221), (3,0.454), (4,0.096), (5,0.399), (6,0.895), (7,0.156), (8,0.052), (9,0.709), (10,0.305), (11,0.669), (12,0.493), (13,0.619), (14,0.736), (15,0.615), (16,0.124), (17,0.831), (18,0.958), (19,0.284), (20,0.411), (21,0.473), (22,0.935), (23,0.222), (24,0.54), }
Elements stored on proc 1: {(0,0.196), (1,0.571), (2,0.482), (3,0.09), (4,0.79), (5,0.939), (6,0.684), (7,0.465), (8,0.236), (9,0.713), (10,0.32), (11,0.748), (12,0.771), (13,0.123), (14,0.79), (15,0.06), (16,0.82), (17,0.506), (18,0.859), (19,0.268), (20,0.49), (21,0.01), (22,0.809), (23,0.284), (24,0.263), }
Elements stored on proc 2: {(0,0.159), (1,0.811), (2,0.198), (3,0.163), (4,0.779), (5,0.241), (6,0.623), (7,0.955), (8,0.258), (9,0.861), (10,0.104), (11,0.381), (12,0.657), (13,0.356), (14,0.083), (15,0.712), (16,0.413), (17,0.488), (18,0.646), (19,0.99), (20,0.523), (21,0.034), (22,0.227), (23,0.584), (24,0.824), }
Elements stored on proc 3: {(0,0.609), (1,0.557), (2,0.926), (3,0.481), (4,0.218), (5,0.92), (6,0.049), (7,0.052), (8,0.424), (9,0.214), (10,0.606), (11,0.385), (12,0.848), (13,0.583), (14,0.586), (15,0.615), (16,0.797), (17,0.48), (18,0.378), (19,0.66), (20,0.169), (21,0.258), (22,0.114), (23,0.575), (24,0.618), }
COMBBLAS Warning: It is dangerous to create (vector) objects without specifying the communicator, are you sure you want to create this object in MPI_COMM_WORLD?
COMBBLAS Warning: It is dangerous to create (vector) objects without specifying the communicator, are you sure you want to create this object in MPI_COMM_WORLD?
As a whole: 100 rows and 100 columns and 100 nonzeros
As a whole: 100 rows and 100 columns and 100 nonzeros
Old balance: 1.4
New balance: 1.08
Old balance: 1.4
New balance: 1.08
Sorts are done
Double permutation successfully restored the original
<end of output>
Test time =   0.01 sec
----------------------------------------------------------
Test Passed.
"Indexing_Test" end time: Jun 05 18:51 CST
"Indexing_Test" time elapsed: 00:00:00
----------------------------------------------------------

6/15 Testing: SpAsgn_Test
6/15 Test: SpAsgn_Test
Command: "/usr/bin/mpirun" "-np" "4" "./ReleaseTests/SpAsgnTest" "TESTDATA" "A_100x100.txt" "A_with20x30hole.txt" "dense_20x30matrix.txt" "A_wdenseblocks.txt" "20outta100.txt" "30outta100.txt"
Directory: /home/allenzou/git/CombBLAS
"SpAsgn_Test" start time: Jun 05 18:51 CST
Output:
----------------------------------------------------------
Pruning is working
SpAsgn working correctly
COMBBLAS Warning: It is dangerous to create (vector) objects without specifying the communicator, are you sure you want to create this object in MPI_COMM_WORLD?
COMBBLAS Warning: It is dangerous to create (vector) objects without specifying the communicator, are you sure you want to create this object in MPI_COMM_WORLD?
<end of output>
Test time =   0.02 sec
----------------------------------------------------------
Test Passed.
"SpAsgn_Test" end time: Jun 05 18:51 CST
"SpAsgn_Test" time elapsed: 00:00:00
----------------------------------------------------------

7/15 Testing: GalerkinNew_Test
7/15 Test: GalerkinNew_Test
Command: "/usr/bin/mpirun" "-np" "4" "./ReleaseTests/GalerkinNew" "TESTDATA/grid3d_k5.txt" "TESTDATA/offdiag_grid3d_k5.txt" "TESTDATA/diag_grid3d_k5.txt" "TESTDATA/restrict_T_grid3d_k5.txt"
Directory: /home/allenzou/git/CombBLAS
"GalerkinNew_Test" start time: Jun 05 18:51 CST
Output:
----------------------------------------------------------
Data read
Splitting approach is correct
Full restriction (without splitting) finished
0.000120 seconds elapsed per iteration
Full restriction (with splitting) finished
0.000139 seconds elapsed per iteration
<end of output>
Test time =   0.01 sec
----------------------------------------------------------
Test Passed.
"GalerkinNew_Test" end time: Jun 05 18:51 CST
"GalerkinNew_Test" time elapsed: 00:00:00
----------------------------------------------------------

8/15 Testing: FindSparse_Test
8/15 Test: FindSparse_Test
Command: "/usr/bin/mpirun" "-np" "4" "./ReleaseTests/FindSparse" "TESTDATA" "findmatrix.txt"
Directory: /home/allenzou/git/CombBLAS
"FindSparse_Test" start time: Jun 05 18:51 CST
Output:
----------------------------------------------------------
Find and Sparse working correctly
As a whole: 20 rows and 20 columns and 40 nonzeros
As a whole, Values: has length 114
As a whole, Row ids: has length 114
As a whole, Column ids: has length 114
As a whole: 21 rows and 21 columns and 114 nonzeros
<end of output>
Test time =   0.01 sec
----------------------------------------------------------
Test Passed.
"FindSparse_Test" end time: Jun 05 18:51 CST
"FindSparse_Test" time elapsed: 00:00:00
----------------------------------------------------------

9/15 Testing: BetwCent_Test
9/15 Test: BetwCent_Test
Command: "/usr/bin/mpirun" "-np" "4" "./Applications/betwcent" "TESTDATA/SCALE16BTW-TRANSBOOL/" "10" "96"
Directory: /home/allenzou/git/CombBLAS
"BetwCent_Test" start time: Jun 05 18:51 CST
Output:
----------------------------------------------------------
As a whole: 65536 rows and 65536 columns and 490563 nonzeros
Batch processing will occur 11 times, each processing 96 vertices (overall)
Candidates chosen, precomputation finished
Exploring via BFS...
Tallying...
Adding bc contributions...
Exploring via BFS...
Tallying...
Adding bc contributions...
Exploring via BFS...
Tallying...
Adding bc contributions...
Exploring via BFS...
Tallying...
Adding bc contributions...
Exploring via BFS...
Tallying...
Adding bc contributions...
Exploring via BFS...
Tallying...
Adding bc contributions...
Exploring via BFS...
Tallying...
Adding bc contributions...
Exploring via BFS...
Tallying...
Adding bc contributions...
Exploring via BFS...
Tallying...
Adding bc contributions...
Exploring via BFS...
Tallying...
Adding bc contributions...
Exploring via BFS...
Tallying...
Adding bc contributions...
Computation finished
37.817912 seconds elapsed for 1056 starting vertices
TEPS score is: 13698126.251340
<end of output>
Test time =  38.15 sec
----------------------------------------------------------
Test Passed.
"BetwCent_Test" end time: Jun 05 18:52 CST
"BetwCent_Test" time elapsed: 00:00:38
----------------------------------------------------------

10/15 Testing: TopDownBFS_Test
10/15 Test: TopDownBFS_Test
Command: "/usr/bin/mpirun" "-np" "4" "./Applications/tdbfs" "Force" "17" "FastGen"
Directory: /home/allenzou/git/CombBLAS
"TopDownBFS_Test" start time: Jun 05 18:52 CST
Output:
----------------------------------------------------------
Forcing scale to : 17
Using fast vertex permutations; skipping edge permutations (like v2.1)
graph_generation:               0.131401 s
Generated renamed edge lists
Generation took 0.131515 seconds
Warning: Using smaller indices for the matrix than DistEdgeList
Local matrices are 65536-by-65536
Created Sparse Matrix (with int32 local indices and values)
Calculated degrees in 0.00481749 seconds
Converted to Boolean and removed 213 loops
As a whole: 131072 rows and 131072 columns and 1864974 nonzeros
Reductions done
Intersection of colsums and rowsums found
Found (and permuted) non-isolated vertices
As a whole: 131072 rows and 131072 columns and 1864974 nonzeros
Dropped isolated vertices from input
As a whole: 90133 rows and 90133 columns and 1864974 nonzeros
Symmetricized
Optimization buffers set
As a whole: 90133 rows and 90133 columns and 3729948 nonzeros
0.562175 seconds elapsed for Kernel #1
As a whole: 90133 rows and 90133 columns and 3729948 nonzeros
Load balance: 1.01445
As a whole, Degrees array has length 90133
COMBBLAS Warning: It is dangerous to create (vector) objects without specifying the communicator, are you sure you want to create this object in MPI_COMM_WORLD?
0.417022 0.997185 0.720324 0.932557 0.000114381 0.128124 0.302333 0.999041 0.146756 0.236089 0.0923386 0.396581 0.18626 0.387911 0.345561 0.669746 
37587 89879 64925 84054 10 11548 27250 90046 13227 21279 8322 35745 16788 34963 31146 60366 
0th starting vertex was 37587
Number iterations: 6
Number of vertices found: 90075
Number of edges traversed: 2097123
BFS time: 0.14943 seconds
MTEPS: 14.0341
Total communication (average so far): 0
1th starting vertex was 89879
Number iterations: 6
Number of vertices found: 90075
Number of edges traversed: 2097123
BFS time: 0.145546 seconds
MTEPS: 14.4086
Total communication (average so far): 0
2th starting vertex was 64925
Number iterations: 6
Number of vertices found: 90075
Number of edges traversed: 2097123
BFS time: 0.139005 seconds
MTEPS: 15.0867
Total communication (average so far): 0
3th starting vertex was 84054
Number iterations: 7
Number of vertices found: 90075
Number of edges traversed: 2097123
BFS time: 0.168576 seconds
MTEPS: 12.4402
Total communication (average so far): 0
4th starting vertex was 10
Number iterations: 6
Number of vertices found: 90075
Number of edges traversed: 2097123
BFS time: 0.149692 seconds
MTEPS: 14.0096
Total communication (average so far): 0
5th starting vertex was 11548
Number iterations: 6
Number of vertices found: 90075
Number of edges traversed: 2097123
BFS time: 0.141822 seconds
MTEPS: 14.787
Total communication (average so far): 0
6th starting vertex was 27250
Number iterations: 6
Number of vertices found: 90075
Number of edges traversed: 2097123
BFS time: 0.144232 seconds
MTEPS: 14.5399
Total communication (average so far): 0
7th starting vertex was 90046
Number iterations: 6
Number of vertices found: 90075
Number of edges traversed: 2097123
BFS time: 0.143764 seconds
MTEPS: 14.5873
Total communication (average so far): 0
8th starting vertex was 13227
Number iterations: 6
Number of vertices found: 90075
Number of edges traversed: 2097123
BFS time: 0.148924 seconds
MTEPS: 14.0818
Total communication (average so far): 0
9th starting vertex was 21279
Number iterations: 6
Number of vertices found: 90075
Number of edges traversed: 2097123
BFS time: 0.141451 seconds
MTEPS: 14.8258
Total communication (average so far): 0
10th starting vertex was 8322
Number iterations: 6
Number of vertices found: 90075
Number of edges traversed: 2097123
BFS time: 0.142105 seconds
MTEPS: 14.7576
Total communication (average so far): 0
11th starting vertex was 35745
Number iterations: 6
Number of vertices found: 90075
Number of edges traversed: 2097123
BFS time: 0.136488 seconds
MTEPS: 15.3648
Total communication (average so far): 0
12th starting vertex was 16788
Number iterations: 6
Number of vertices found: 90075
Number of edges traversed: 2097123
BFS time: 0.140947 seconds
MTEPS: 14.8788
Total communication (average so far): 0
13th starting vertex was 34963
Number iterations: 6
Number of vertices found: 90075
Number of edges traversed: 2097123
BFS time: 0.145869 seconds
MTEPS: 14.3767
Total communication (average so far): 0
14th starting vertex was 31146
Number iterations: 6
Number of vertices found: 90075
Number of edges traversed: 2097123
BFS time: 0.153563 seconds
MTEPS: 13.6564
Total communication (average so far): 0
15th starting vertex was 60366
Number iterations: 6
Number of vertices found: 90075
Number of edges traversed: 2097123
BFS time: 0.145449 seconds
MTEPS: 14.4183
Total communication (average so far): 0
Finished
Per iteration communication times: 
AllGatherv: 0
AlltoAllv: 0
Transvec: 0
Per iteration computation times: 
MergeCont: 0
LocalSpmv: 0
--------------------------
Min nedges: 2.09712e+06
First Quartile nedges: 2.09712e+06
Median nedges: 2.09712e+06
Third Quartile nedges: 2.09712e+06
Max nedges: 2.09712e+06
Mean nedges: 2.09712e+06
STDDEV nedges: 0
--------------------------
Min time: 0.136488 seconds
First Quartile time: 0.141636 seconds
Median time: 0.14484 seconds
Third Quartile time: 0.149177 seconds
Max time: 0.168576 seconds
Mean time: 0.146054 seconds
STDDEV time: 0.00742823 seconds
--------------------------
Min MTEPS: 12.4402
First Quartile MTEPS: 14.058
Median MTEPS: 14.4791
Third Quartile MTEPS: 14.8064
Max MTEPS: 15.3648
Harmonic mean of MTEPS: 14.3585
Harmonic standard deviation of MTEPS: 0.730269
<end of output>
Test time =   3.25 sec
----------------------------------------------------------
Test Passed.
"TopDownBFS_Test" end time: Jun 05 18:52 CST
"TopDownBFS_Test" time elapsed: 00:00:03
----------------------------------------------------------

11/15 Testing: DirOptBFS_Test
11/15 Test: DirOptBFS_Test
Command: "/usr/bin/mpirun" "-np" "4" "./Applications/dobfs" "17"
Directory: /home/allenzou/git/CombBLAS
"DirOptBFS_Test" start time: Jun 05 18:52 CST
Output:
----------------------------------------------------------
COMBBLAS Warning: It is dangerous to create (matrix) objects without specifying the communicator, are you sure you want to create this object in MPI_COMM_WORLD?
COMBBLAS Warning: It is dangerous to create (matrix) objects without specifying the communicator, are you sure you want to create this object in MPI_COMM_WORLD?
COMBBLAS Warning: It is dangerous to create (matrix) objects without specifying the communicator, are you sure you want to create this object in MPI_COMM_WORLD?
Forcing scale to : 17
Using fast vertex permutations; skipping edge permutations (like v2.1)
graph_generation:               0.137169 s
Generated renamed edge lists
Generation took 0.137335 seconds
Warning: Using smaller indices for the matrix than DistEdgeList
Local matrices are 65536-by-65536
Created Sparse Matrix (with int32 local indices and values)
Calculated degrees in 0.00471115 seconds
Converted to Boolean and removed 213 loops
As a whole: 131072 rows and 131072 columns and 1864974 nonzeros
Reductions done
Intersection of colsums and rowsums found
Found non-isolated vertices
As a whole: 131072 rows and 131072 columns and 1864974 nonzeros
Dropped isolated vertices from input
As a whole: 90133 rows and 90133 columns and 1864974 nonzeros
Converted to 32-bit integers
Symmetricized
Optimization buffers set
As a whole: 90133 rows and 90133 columns and 3729948 nonzeros
0.643736 seconds elapsed for Kernel #1
As a whole: 90133 rows and 90133 columns and 3729948 nonzeros
Load balance: 1.01445
As a whole, Degrees array has length 90133
0.982048 0.330817 0.699284 0.0607193 0.0194015 0.794178 0.57059 0.245031 0.873026 0.317977 0.0491786 0.979907 0.875608 0.129842 0.862386 0.413525 0.361783 0.548102 0.665159 0.670179 0.654605 0.643731 0.663619 0.0460819 0.796801 0.067343 0.201118 0.178936 0.996204 0.54739 0.0149317 0.577831 0.0934394 0.702221 0.117062 0.00765376 0.142813 0.986832 0.666466 0.625108 0.21412 0.222159 0.298794 0.329842 0.91975 0.845635 0.341476 0.443175 0.8611 0.0348575 0.232313 0.609914 0.604632 0.0941811 0.828735 0.37962 0.91916 0.731879 0.133098 0.64359 0.429148 0.604913 0.941981 0.875231 
88514 29817 63028 5472 1748 71581 51428 22085 78688 28660 4432 88321 78921 11703 77729 37272 32608 49402 59952 60405 59001 58021 59813 4153 71818 6069 18127 16128 89790 49337 1345 52081 8421 63293 10551 689 12872 88946 60070 56342 19299 20023 26931 29729 82899 76219 30778 39944 77613 3141 20939 54973 54497 8488 74696 34216 82846 65966 11996 58008 38680 54522 84903 78887 
A BFS iteration is starting
param 90133 vertices with 3729948 edges
186497 up and 181 down
  s              0        0.01563
 0d             10        0.02330
  s          14209        0.01079
 1d           8507        0.01792
  s        1547174        0.00962
  c                       0.00005
 2u           8507        0.00116
 3u          75133        0.00034
 4u           6387        0.00017
  c                       0.00000
 5d              0        0.02399
  s              0        0.01206
0th starting vertex was 88514
Number iterations: 6
Number of vertices found: 90075
Number of edges traversed: 2097123
BFS time: 0.122027 seconds
MTEPS: 17.1857
Total communication (average so far): 0
A BFS iteration is starting
param 90133 vertices with 3729948 edges
186497 up and 181 down
  s             11        0.00904
 0d             23        0.02299
  s          36909        0.01099
 1d          18064        0.01662
  s        1804998        0.01273
  c                       0.00005
 2u          18064        0.00109
 3u          69034        0.00031
 4u           2946        0.00016
  c                       0.00000
 5d              0        0.01966
  s              0        0.01051
1th starting vertex was 29817
Number iterations: 6
Number of vertices found: 90075
Number of edges traversed: 2097123
BFS time: 0.117777 seconds
MTEPS: 17.8059
Total communication (average so far): 0
A BFS iteration is starting
param 90133 vertices with 3729948 edges
186497 up and 181 down
  s              2        0.01207
 0d              4        0.02434
  s            129        0.01033
 1d            524        0.01866
  s         467624        0.01248
  c                       0.00003
 2u            524        0.00120
 3u          57020        0.00064
 4u          32211        0.00018
 5u            315        0.00016
  c                       0.00000
2th starting vertex was 63028
Number iterations: 6
Number of vertices found: 90075
Number of edges traversed: 2097123
BFS time: 0.0839872 seconds
MTEPS: 24.9695
Total communication (average so far): 0
A BFS iteration is starting
param 90133 vertices with 3729948 edges
186497 up and 181 down
  s             12        0.01058
 0d             56        0.02261
  s         105411        0.01056
 1d          28919        0.02568
  s        1859834        0.01213
  c                       0.00010
 2u          28919        0.00089
 3u          59585        0.00022
 4u           1510        0.00010
  c                       0.00000
 5d              0        0.02728
  s              0        0.00755
3th starting vertex was 5472
Number iterations: 6
Number of vertices found: 90075
Number of edges traversed: 2097123
BFS time: 0.119909 seconds
MTEPS: 17.4892
Total communication (average so far): 0
A BFS iteration is starting
param 90133 vertices with 3729948 edges
186497 up and 181 down
  s            260        0.00905
 0d            422        0.02613
  s         375769        0.01053
  c                       0.00003
 1u            422        0.00117
 2u          53129        0.00070
 3u          36155        0.00018
 4u            367        0.00010
  c                       0.00000
 5d              0        0.01645
  s              0        0.01058
4th starting vertex was 1748
Number iterations: 6
Number of vertices found: 90075
Number of edges traversed: 2097123
BFS time: 0.0830398 seconds
MTEPS: 25.2544
Total communication (average so far): 0
A BFS iteration is starting
param 90133 vertices with 3729948 edges
186497 up and 181 down
  s              4        0.01322
 0d             13        0.01592
  s          24554        0.01110
 1d          13215        0.01874
  s        1707110        0.01223
  c                       0.00005
 2u          13215        0.00092
 3u          72674        0.00027
 4u           4152        0.00011
  c                       0.00000
 5d              0        0.02554
  s              0        0.00762
5th starting vertex was 71581
Number iterations: 6
Number of vertices found: 90075
Number of edges traversed: 2097123
BFS time: 0.121467 seconds
MTEPS: 17.2649
Total communication (average so far): 0
A BFS iteration is starting
param 90133 vertices with 3729948 edges
186497 up and 181 down
  s              0        0.01438
 0d              1        0.02235
  s           1184        0.01101
 1d           1134        0.01670
  s         671514        0.01097
  c                       0.00003
 2u           1134        0.00124
 3u          64607        0.00067
 4u          24148        0.00019
 5u            184        0.00016
  c                       0.00000
6th starting vertex was 51428
Number iterations: 6
Number of vertices found: 90075
Number of edges traversed: 2097123
BFS time: 0.0908811 seconds
MTEPS: 23.0755
Total communication (average so far): 0
A BFS iteration is starting
param 90133 vertices with 3729948 edges
186497 up and 181 down
  s            220        0.01207
 0d            341        0.01679
  s         312079        0.01056
  c                       0.00003
 1u            341        0.00116
 2u          49202        0.00061
 3u          40053        0.00015
 4u            477        0.00010
  c                       0.00000
 5d              0        0.01670
  s              0        0.00946
7th starting vertex was 22085
Number iterations: 6
Number of vertices found: 90075
Number of edges traversed: 2097123
BFS time: 0.0778658 seconds
MTEPS: 26.9325
Total communication (average so far): 0
A BFS iteration is starting
param 90133 vertices with 3729948 edges
186497 up and 181 down
  s              0        0.01028
 0d              2        0.02248
  s             85        0.01259
 1d            163        0.01799
  s         182981        0.00905
 2d          40543        0.02304
  s        1848456        0.00803
  c                       0.00012
 3u          40543        0.00086
 4u          48604        0.00309
 5u            758        0.00017
  c                       0.00000
 6d              0        0.01413
  s              0        0.01281
8th starting vertex was 78688
Number iterations: 7
Number of vertices found: 90075
Number of edges traversed: 2097123
BFS time: 0.149523 seconds
MTEPS: 14.0254
Total communication (average so far): 0
A BFS iteration is starting
param 90133 vertices with 3729948 edges
186497 up and 181 down
  s              0        0.01360
 0d              1        0.01627
  s             77        0.01196
 1d            128        0.01365
  s         181271        0.01146
 2d          37948        0.01541
  s        1838093        0.01063
  c                       0.00013
 3u          37948        0.00092
 4u          51099        0.00026
 5u            898        0.00016
  c                       0.00000
9th starting vertex was 28660
Number iterations: 6
Number of vertices found: 90075
Number of edges traversed: 2097123
BFS time: 0.125372 seconds
MTEPS: 16.7272
Total communication (average so far): 0
A BFS iteration is starting
param 90133 vertices with 3729948 edges
186497 up and 181 down
  s              1        0.01056
 0d             26        0.01878
  s          48673        0.01179
 1d          20190        0.02240
  s        1825350        0.01148
  c                       0.00007
 2u          20190        0.00096
 3u          67301        0.00027
 4u           2545        0.00014
  c                       0.00000
 5d              0        0.01968
  s              0        0.00947
10th starting vertex was 4432
Number iterations: 6
Number of vertices found: 90075
Number of edges traversed: 2097123
BFS time: 0.116261 seconds
MTEPS: 18.038
Total communication (average so far): 0
A BFS iteration is starting
param 90133 vertices with 3729948 edges
186497 up and 181 down
  s              2        0.01156
 0d              9        0.02194
  s           3163        0.01059
 1d           5535        0.01701
  s        1378680        0.01216
  c                       0.00004
 2u           5535        0.00106
 3u          75201        0.00033
 4u           9279        0.00012
  c                       0.00000
 5d              0        0.01522
  s              0        0.00906
11th starting vertex was 88321
Number iterations: 6
Number of vertices found: 90075
Number of edges traversed: 2097123
BFS time: 0.112965 seconds
MTEPS: 18.5644
Total communication (average so far): 0
A BFS iteration is starting
param 90133 vertices with 3729948 edges
186497 up and 181 down
  s             11        0.01086
 0d            102        0.01845
  s         189281        0.01034
  c                       0.00003
 1u            102        0.00125
 2u          39593        0.00079
 3u          49557        0.00022
 4u            820        0.00017
  c                       0.00000
 5d              0        0.02455
  s              0        0.01051
12th starting vertex was 78921
Number iterations: 6
Number of vertices found: 90075
Number of edges traversed: 2097123
BFS time: 0.0817814 seconds
MTEPS: 25.643
Total communication (average so far): 0
A BFS iteration is starting
param 90133 vertices with 3729948 edges
186497 up and 181 down
  s              8        0.01002
 0d             41        0.02154
  s          48376        0.01309
 1d          19945        0.01921
  s        1822016        0.01080
  c                       0.00009
 2u          19945        0.00103
 3u          67446        0.00031
 4u           2632        0.00017
  c                       0.00000
 5d              0        0.02168
  s              0        0.01083
13th starting vertex was 11703
Number iterations: 6
Number of vertices found: 90075
Number of edges traversed: 2097123
BFS time: 0.114638 seconds
MTEPS: 18.2935
Total communication (average so far): 0
A BFS iteration is starting
param 90133 vertices with 3729948 edges
186497 up and 181 down
  s              0        0.00911
 0d              6        0.02437
  s           2496        0.01055
 1d           3278        0.02083
  s        1130168        0.01053
  c                       0.00003
 2u           3278        0.00114
 3u          73343        0.00045
 4u          13380        0.00013
  c                       0.00000
 5d              0        0.02293
  s              0        0.01041
14th starting vertex was 77729
Number iterations: 6
Number of vertices found: 90075
Number of edges traversed: 2097123
BFS time: 0.111607 seconds
MTEPS: 18.7902
Total communication (average so far): 0
A BFS iteration is starting
param 90133 vertices with 3729948 edges
186497 up and 181 down
  s              7        0.00909
 0d             41        0.02148
  s          30032        0.01063
 1d          17211        0.01716
  s        1802601        0.01097
  c                       0.00006
 2u          17211        0.00102
 3u          69743        0.00028
 4u           3066        0.00017
  c                       0.00000
 5d              0        0.01650
  s              0        0.01542
15th starting vertex was 37272
Number iterations: 6
Number of vertices found: 90075
Number of edges traversed: 2097123
BFS time: 0.109682 seconds
MTEPS: 19.1201
Total communication (average so far): 0
A BFS iteration is starting
param 90133 vertices with 3729948 edges
186497 up and 181 down
  s              0        0.01020
 0d              1        0.01473
  s             35        0.01190
 1d            117        0.02156
  s         138492        0.01055
 2d          35279        0.02091
  s        1870312        0.00924
  c                       0.00011
 3u          35279        0.00095
 4u          53638        0.00026
 5u           1035        0.00017
  c                       0.00000
 6d              0        0.01708
  s              0        0.01275
16th starting vertex was 32608
Number iterations: 7
Number of vertices found: 90075
Number of edges traversed: 2097123
BFS time: 0.145691 seconds
MTEPS: 14.3943
Total communication (average so far): 0
A BFS iteration is starting
param 90133 vertices with 3729948 edges
186497 up and 181 down
  s              0        0.01378
 0d             10        0.01751
  s          11647        0.00984
 1d           8870        0.02146
  s        1566047        0.01060
  c                       0.00004
 2u           8870        0.00104
 3u          74987        0.00033
 4u           6178        0.00012
  c                       0.00000
 5d              0        0.01821
  s              0        0.01113
17th starting vertex was 49402
Number iterations: 6
Number of vertices found: 90075
Number of edges traversed: 2097123
BFS time: 0.113102 seconds
MTEPS: 18.5419
Total communication (average so far): 0
A BFS iteration is starting
param 90133 vertices with 3729948 edges
186497 up and 181 down
  s              0        0.01074
 0d              5        0.01974
  s           2295        0.00935
 1d           5108        0.02102
  s        1347456        0.01059
  c                       0.00004
 2u           5108        0.00109
 3u          75165        0.00039
 4u           9743        0.00012
  c                       0.00000
 5d              0        0.01674
  s              0        0.01166
18th starting vertex was 59952
Number iterations: 6
Number of vertices found: 90075
Number of edges traversed: 2097123
BFS time: 0.114299 seconds
MTEPS: 18.3478
Total communication (average so far): 0
A BFS iteration is starting
param 90133 vertices with 3729948 edges
186497 up and 181 down
  s              5        0.01050
 0d             37        0.01895
  s          64101        0.01117
 1d          23702        0.01839
  s        1856212        0.01207
  c                       0.00008
 2u          23702        0.00094
 3u          64357        0.00025
 4u           1973        0.00012
  c                       0.00000
 5d              0        0.01525
  s              0        0.01059
19th starting vertex was 60405
Number iterations: 6
Number of vertices found: 90075
Number of edges traversed: 2097123
BFS time: 0.114334 seconds
MTEPS: 18.3421
Total communication (average so far): 0
A BFS iteration is starting
param 90133 vertices with 3729948 edges
186497 up and 181 down
  s             11        0.01274
 0d             16        0.02013
  s          15976        0.00949
 1d          10142        0.02642
  s        1618383        0.01061
  c                       0.00006
 2u          10142        0.00112
 3u          74314        0.00037
 4u           5580        0.00017
  c                       0.00000
 5d              0        0.01861
  s              0        0.01453
20th starting vertex was 59001
Number iterations: 6
Number of vertices found: 90075
Number of edges traversed: 2097123
BFS time: 0.117046 seconds
MTEPS: 17.9171
Total communication (average so far): 0
A BFS iteration is starting
param 90133 vertices with 3729948 edges
186497 up and 181 down
  s              1        0.01073
 0d              2        0.01797
  s            519        0.01200
 1d           1142        0.01824
  s         674718        0.01319
  c                       0.00003
 2u           1142        0.00120
 3u          64289        0.00063
 4u          24458        0.00018
 5u            183        0.00016
  c                       0.00000
21th starting vertex was 58021
Number iterations: 6
Number of vertices found: 90075
Number of edges traversed: 2097123
BFS time: 0.0882456 seconds
MTEPS: 23.7646
Total communication (average so far): 0
A BFS iteration is starting
param 90133 vertices with 3729948 edges
186497 up and 181 down
  s             11        0.01065
 0d             30        0.02322
  s          15508        0.01173
 1d          10987        0.01984
  s        1656442        0.01209
  c                       0.00004
 2u          10987        0.00103
 3u          73996        0.00031
 4u           5037        0.00013
  c                       0.00000
 5d              0        0.02014
  s              0        0.01184
22th starting vertex was 59813
Number iterations: 6
Number of vertices found: 90075
Number of edges traversed: 2097123
BFS time: 0.112866 seconds
MTEPS: 18.5806
Total communication (average so far): 0
A BFS iteration is starting
param 90133 vertices with 3729948 edges
186497 up and 181 down
  s              7        0.01365
 0d             12        0.01500
  s          29631        0.01324
 1d          14877        0.01877
  s        1742651        0.01058
  c                       0.00008
 2u          14877        0.00108
 3u          71445        0.00033
 4u           3726        0.00016
  c                       0.00000
 5d              0        0.01891
  s              0        0.01082
23th starting vertex was 4153
Number iterations: 6
Number of vertices found: 90075
Number of edges traversed: 2097123
BFS time: 0.117534 seconds
MTEPS: 17.8427
Total communication (average so far): 0
A BFS iteration is starting
param 90133 vertices with 3729948 edges
186497 up and 181 down
  s              0        0.01201
 0d              1        0.01671
  s            582        0.01620
 1d           1037        0.01975
  s         635680        0.01059
  c                       0.00003
 2u           1037        0.00111
 3u          63675        0.00050
 4u          25156        0.00013
 5u            205        0.00011
  c                       0.00000
24th starting vertex was 71818
Number iterations: 6
Number of vertices found: 90075
Number of edges traversed: 2097123
BFS time: 0.0838351 seconds
MTEPS: 25.0148
Total communication (average so far): 0
A BFS iteration is starting
param 90133 vertices with 3729948 edges
186497 up and 181 down
  s              0        0.01275
 0d              9        0.01448
  s          18197        0.01261
 1d           9950        0.01931
  s        1597188        0.01084
  c                       0.00005
 2u           9950        0.00109
 3u          74484        0.00037
 4u           5603        0.00016
  c                       0.00000
 5d              0        0.01934
  s              0        0.01091
25th starting vertex was 6069
Number iterations: 6
Number of vertices found: 90075
Number of edges traversed: 2097123
BFS time: 0.114555 seconds
MTEPS: 18.3067
Total communication (average so far): 0
A BFS iteration is starting
param 90133 vertices with 3729948 edges
186497 up and 181 down
  s             25        0.00972
 0d             28        0.01965
  s          10278        0.01063
 1d           8580        0.02281
  s        1560651        0.01070
  c                       0.00005
 2u           8580        0.00112
 3u          75120        0.00181
 4u           6318        0.00017
  c                       0.00000
 5d              0        0.01680
  s              0        0.00963
26th starting vertex was 18127
Number iterations: 6
Number of vertices found: 90075
Number of edges traversed: 2097123
BFS time: 0.114329 seconds
MTEPS: 18.3429
Total communication (average so far): 0
A BFS iteration is starting
param 90133 vertices with 3729948 edges
186497 up and 181 down
  s              1        0.01094
 0d              1        0.02034
  s             63        0.01104
 1d            368        0.02191
  s         343139        0.01056
  c                       0.00003
 2u            368        0.00110
 3u          50866        0.00066
 4u          38399        0.00013
 5u            439        0.00008
  c                       0.00000
 6d              0        0.01809
  s              0        0.01219
27th starting vertex was 16128
Number iterations: 7
Number of vertices found: 90075
Number of edges traversed: 2097123
BFS time: 0.113732 seconds
MTEPS: 18.4392
Total communication (average so far): 0
A BFS iteration is starting
param 90133 vertices with 3729948 edges
186497 up and 181 down
  s              0        0.00947
 0d              7        0.02200
  s           6598        0.01551
 1d           5379        0.02101
  s        1344209        0.01206
  c                       0.00004
 2u           5379        0.00114
 3u          75211        0.00038
 4u           9434        0.00018
  c                       0.00000
 5d              0        0.01736
  s              0        0.01040
28th starting vertex was 89790
Number iterations: 6
Number of vertices found: 90075
Number of edges traversed: 2097123
BFS time: 0.11557 seconds
MTEPS: 18.1459
Total communication (average so far): 0
A BFS iteration is starting
param 90133 vertices with 3729948 edges
186497 up and 181 down
  s              0        0.01181
 0d              4        0.01956
  s           5755        0.01059
 1d           5674        0.01825
  s        1385406        0.01030
  c                       0.00004
 2u           5674        0.00105
 3u          75405        0.00037
 4u           8945        0.00014
  c                       0.00000
 5d              0        0.01740
  s              0        0.00945
29th starting vertex was 49337
Number iterations: 6
Number of vertices found: 90075
Number of edges traversed: 2097123
BFS time: 0.113288 seconds
MTEPS: 18.5115
Total communication (average so far): 0
A BFS iteration is starting
param 90133 vertices with 3729948 edges
186497 up and 181 down
  s             85        0.01058
 0d            104        0.02114
  s         153456        0.01372
 1d          35811        0.01753
  s        1856346        0.01214
  c                       0.00011
 2u          35811        0.00082
 3u          53140        0.00028
 4u           1015        0.00013
  c                       0.00000
 5d              0        0.01679
  s              0        0.01294
30th starting vertex was 1345
Number iterations: 6
Number of vertices found: 90075
Number of edges traversed: 2097123
BFS time: 0.1167 seconds
MTEPS: 17.9702
Total communication (average so far): 0
A BFS iteration is starting
param 90133 vertices with 3729948 edges
186497 up and 181 down
  s              6        0.01068
 0d             45        0.02439
  s          75508        0.01181
 1d          24022        0.01822
  s        1847293        0.01609
  c                       0.00010
 2u          24022        0.00101
 3u          63998        0.00029
 4u           2003        0.00017
  c                       0.00000
 5d              0        0.01733
  s              0        0.01540
31th starting vertex was 52081
Number iterations: 6
Number of vertices found: 90075
Number of edges traversed: 2097123
BFS time: 0.124321 seconds
MTEPS: 16.8686
Total communication (average so far): 0
A BFS iteration is starting
param 90133 vertices with 3729948 edges
186497 up and 181 down
  s              0        0.00876
 0d              1        0.01761
  s            118        0.01146
 1d            129        0.02033
  s         105103        0.01269
 2d          32202        0.01845
  s        1887670        0.01256
  c                       0.00009
 3u          32202        0.00100
 4u          56552        0.00025
 5u           1187        0.00017
  c                       0.00000
 6d              0        0.02016
  s              0        0.01454
32th starting vertex was 8421
Number iterations: 7
Number of vertices found: 90075
Number of edges traversed: 2097123
BFS time: 0.150027 seconds
MTEPS: 13.9783
Total communication (average so far): 0
A BFS iteration is starting
param 90133 vertices with 3729948 edges
186497 up and 181 down
  s              5        0.01206
 0d             13        0.02376
  s           2762        0.01013
 1d           3416        0.01676
  s        1172557        0.01116
  c                       0.00003
 2u           3416        0.00121
 3u          74105        0.00051
 4u          12462        0.00020
  c                       0.00000
 5d              0        0.01830
  s              0        0.01070
33th starting vertex was 63293
Number iterations: 6
Number of vertices found: 90075
Number of edges traversed: 2097123
BFS time: 0.113923 seconds
MTEPS: 18.4083
Total communication (average so far): 0
A BFS iteration is starting
param 90133 vertices with 3729948 edges
186497 up and 181 down
  s              0        0.01100
 0d              3        0.01791
  s           2527        0.01054
 1d           3127        0.02032
  s        1129224        0.01129
  c                       0.00004
 2u           3127        0.00109
 3u          73454        0.00044
 4u          13416        0.00014
  c                       0.00000
 5d              0        0.01668
  s              0        0.01055
34th starting vertex was 10551
Number iterations: 6
Number of vertices found: 90075
Number of edges traversed: 2097123
BFS time: 0.113472 seconds
MTEPS: 18.4814
Total communication (average so far): 0
A BFS iteration is starting
param 90133 vertices with 3729948 edges
186497 up and 181 down
  s              1        0.01241
 0d              6        0.01668
  s           3319        0.00982
 1d           3778        0.01377
  s        1190091        0.01077
  c                       0.00004
 2u           3778        0.00118
 3u          74031        0.00048
 4u          12194        0.00017
  c                       0.00000
 5d              0        0.02118
  s              0        0.01444
35th starting vertex was 689
Number iterations: 6
Number of vertices found: 90075
Number of edges traversed: 2097123
BFS time: 0.117462 seconds
MTEPS: 17.8536
Total communication (average so far): 0
A BFS iteration is starting
param 90133 vertices with 3729948 edges
186497 up and 181 down
  s              0        0.01122
 0d             10        0.01860
  s          50398        0.01262
 1d          19581        0.02330
  s        1814381        0.01063
  c                       0.00007
 2u          19581        0.00081
 3u          67846        0.00024
 4u           2628        0.00011
  c                       0.00000
 5d              0        0.02379
  s              0        0.00900
36th starting vertex was 12872
Number iterations: 6
Number of vertices found: 90075
Number of edges traversed: 2097123
BFS time: 0.114675 seconds
MTEPS: 18.2875
Total communication (average so far): 0
A BFS iteration is starting
param 90133 vertices with 3729948 edges
186497 up and 181 down
  s              7        0.01061
 0d             13        0.02308
  s           6032        0.01230
 1d           5145        0.01631
  s        1340977        0.01011
  c                       0.00004
 2u           5145        0.00106
 3u          75393        0.00031
 4u           9473        0.00011
  c                       0.00000
 5d              0        0.01968
  s              0        0.01268
37th starting vertex was 88946
Number iterations: 6
Number of vertices found: 90075
Number of edges traversed: 2097123
BFS time: 0.11471 seconds
MTEPS: 18.282
Total communication (average so far): 0
A BFS iteration is starting
param 90133 vertices with 3729948 edges
186497 up and 181 down
  s              0        0.01094
 0d             16        0.01648
  s          23089        0.01117
 1d          12250        0.01751
  s        1683577        0.00954
  c                       0.00007
 2u          12250        0.00103
 3u          73237        0.00030
 4u           4551        0.00017
  c                       0.00000
 5d              0        0.02539
  s              0        0.01356
38th starting vertex was 60070
Number iterations: 6
Number of vertices found: 90075
Number of edges traversed: 2097123
BFS time: 0.117146 seconds
MTEPS: 17.9019
Total communication (average so far): 0
A BFS iteration is starting
param 90133 vertices with 3729948 edges
186497 up and 181 down
  s              9        0.00914
 0d            133        0.01865
  s         176552        0.01002
 1d          38591        0.01884
  s        1847330        0.00933
  c                       0.00013
 2u          38591        0.00092
 3u          50494        0.00025
 4u            854        0.00016
  c                       0.00000
 5d              0        0.02171
  s              0        0.01055
39th starting vertex was 56342
Number iterations: 6
Number of vertices found: 90075
Number of edges traversed: 2097123
BFS time: 0.117593 seconds
MTEPS: 17.8338
Total communication (average so far): 0
A BFS iteration is starting
param 90133 vertices with 3729948 edges
186497 up and 181 down
  s             13        0.01273
 0d             36        0.01899
  s         100320        0.01162
 1d          29186        0.02216
  s        1868335        0.01595
  c                       0.00008
 2u          29186        0.00076
 3u          59391        0.00020
 4u           1456        0.00010
  c                       0.00000
 5d              0        0.02254
  s              0        0.00964
40th starting vertex was 19299
Number iterations: 6
Number of vertices found: 90075
Number of edges traversed: 2097123
BFS time: 0.120582 seconds
MTEPS: 17.3917
Total communication (average so far): 0
A BFS iteration is starting
param 90133 vertices with 3729948 edges
186497 up and 181 down
  s              0        0.01113
 0d              3        0.02052
  s            351        0.01096
 1d            581        0.02373
  s         455666        0.00945
  c                       0.00003
 2u            581        0.00491
 3u          56694        0.00060
 4u          32486        0.00016
 5u            310        0.00013
  c                       0.00000
41th starting vertex was 20023
Number iterations: 6
Number of vertices found: 90075
Number of edges traversed: 2097123
BFS time: 0.0825353 seconds
MTEPS: 25.4088
Total communication (average so far): 0
A BFS iteration is starting
param 90133 vertices with 3729948 edges
186497 up and 181 down
  s             19        0.01205
 0d             30        0.02230
  s          24979        0.01106
 1d          13024        0.02245
  s        1701527        0.00929
  c                       0.00006
 2u          13024        0.00106
 3u          72743        0.00030
 4u           4257        0.00017
  c                       0.00000
 5d              0        0.01916
  s              0        0.01284
42th starting vertex was 26931
Number iterations: 6
Number of vertices found: 90075
Number of edges traversed: 2097123
BFS time: 0.118829 seconds
MTEPS: 17.6483
Total communication (average so far): 0
A BFS iteration is starting
param 90133 vertices with 3729948 edges
186497 up and 181 down
  s              1        0.01310
 0d             17        0.02214
  s          21929        0.01043
 1d          12176        0.01817
  s        1682165        0.01057
  c                       0.00006
 2u          12176        0.00112
 3u          73248        0.00035
 4u           4615        0.00017
  c                       0.00000
 5d              0        0.01487
  s              0        0.01324
43th starting vertex was 29729
Number iterations: 6
Number of vertices found: 90075
Number of edges traversed: 2097123
BFS time: 0.120853 seconds
MTEPS: 17.3527
Total communication (average so far): 0
A BFS iteration is starting
param 90133 vertices with 3729948 edges
186497 up and 181 down
  s              0        0.01345
 0d              4        0.01677
  s          12143        0.00927
 1d           9111        0.01989
  s        1568060        0.01087
  c                       0.00005
 2u           9111        0.00102
 3u          74717        0.00032
 4u           6215        0.00013
  c                       0.00000
 5d              0        0.02187
  s              0        0.01094
44th starting vertex was 82899
Number iterations: 6
Number of vertices found: 90075
Number of edges traversed: 2097123
BFS time: 0.117618 seconds
MTEPS: 17.83
Total communication (average so far): 0
A BFS iteration is starting
param 90133 vertices with 3729948 edges
186497 up and 181 down
  s              4        0.01201
 0d             14        0.01976
  s          29360        0.01203
 1d          14778        0.01715
  s        1744662        0.01209
  c                       0.00008
 2u          14778        0.00254
 3u          71492        0.00032
 4u           3776        0.00016
  c                       0.00000
 5d              0        0.01965
  s              0        0.00967
45th starting vertex was 76219
Number iterations: 6
Number of vertices found: 90075
Number of edges traversed: 2097123
BFS time: 0.114949 seconds
MTEPS: 18.2439
Total communication (average so far): 0
A BFS iteration is starting
param 90133 vertices with 3729948 edges
186497 up and 181 down
  s              0        0.01046
 0d              8        0.01945
  s           4095        0.01273
 1d           4567        0.02217
  s        1279602        0.01359
  c                       0.00004
 2u           4567        0.00105
 3u          74881        0.00034
 4u          10558        0.00013
  c                       0.00000
 5d              0        0.01936
  s              0        0.00946
46th starting vertex was 30778
Number iterations: 6
Number of vertices found: 90075
Number of edges traversed: 2097123
BFS time: 0.111774 seconds
MTEPS: 18.7621
Total communication (average so far): 0
A BFS iteration is starting
param 90133 vertices with 3729948 edges
186497 up and 181 down
  s              5        0.01199
 0d             12        0.02061
  s           6280        0.01097
 1d           7224        0.02110
  s        1493809        0.01209
  c                       0.00005
 2u           7224        0.00111
 3u          75412        0.00039
 4u           7387        0.00016
  c                       0.00000
 5d              0        0.02278
  s              0        0.00950
47th starting vertex was 39944
Number iterations: 6
Number of vertices found: 90075
Number of edges traversed: 2097123
BFS time: 0.115746 seconds
MTEPS: 18.1184
Total communication (average so far): 0
A BFS iteration is starting
param 90133 vertices with 3729948 edges
186497 up and 181 down
  s              9        0.01153
 0d             10        0.01938
  s          12381        0.01035
 1d           9037        0.02008
  s        1576869        0.00980
  c                       0.00005
 2u           9037        0.00111
 3u          74908        0.00038
 4u           6091        0.00017
  c                       0.00000
 5d              0        0.01807
  s              0        0.01155
48th starting vertex was 77613
Number iterations: 6
Number of vertices found: 90075
Number of edges traversed: 2097123
BFS time: 0.115409 seconds
MTEPS: 18.1712
Total communication (average so far): 0
A BFS iteration is starting
param 90133 vertices with 3729948 edges
186497 up and 181 down
  s              0        0.01058
 0d              4        0.01797
  s          11736        0.01414
 1d           7451        0.02250
  s        1473618        0.01097
  c                       0.00005
 2u           7451        0.00113
 3u          75145        0.00041
 4u           7440        0.00017
  c                       0.00000
 5d              0        0.02152
  s              0        0.01044
49th starting vertex was 3141
Number iterations: 6
Number of vertices found: 90075
Number of edges traversed: 2097123
BFS time: 0.117427 seconds
MTEPS: 17.859
Total communication (average so far): 0
A BFS iteration is starting
param 90133 vertices with 3729948 edges
186497 up and 181 down
  s              6        0.00905
 0d             15        0.02090
  s          14078        0.01185
 1d           9305        0.02014
  s        1582987        0.01582
  c                       0.00005
 2u           9305        0.00107
 3u          74700        0.00031
 4u           6028        0.00017
  c                       0.00000
 5d              0        0.01603
  s              0        0.01247
50th starting vertex was 20939
Number iterations: 6
Number of vertices found: 90075
Number of edges traversed: 2097123
BFS time: 0.119854 seconds
MTEPS: 17.4974
Total communication (average so far): 0
A BFS iteration is starting
param 90133 vertices with 3729948 edges
186497 up and 181 down
  s              0        0.00958
 0d              2        0.02636
  s          11220        0.01055
 1d           7222        0.01541
  s        1459131        0.01246
  c                       0.00004
 2u           7222        0.00112
 3u          75142        0.00036
 4u           7673        0.00017
  c                       0.00000
 5d              0        0.01571
  s              0        0.01107
51th starting vertex was 54973
Number iterations: 6
Number of vertices found: 90075
Number of edges traversed: 2097123
BFS time: 0.115981 seconds
MTEPS: 18.0816
Total communication (average so far): 0
A BFS iteration is starting
param 90133 vertices with 3729948 edges
186497 up and 181 down
  s              0        0.00956
 0d              3        0.02406
  s           2939        0.00985
 1d           2947        0.01801
  s        1076213        0.01209
  c                       0.00003
 2u           2947        0.00112
 3u          72757        0.00046
 4u          14281        0.00013
  c                       0.00000
 5d              0        0.01750
  s              0        0.00754
52th starting vertex was 54497
Number iterations: 6
Number of vertices found: 90075
Number of edges traversed: 2097123
BFS time: 0.112633 seconds
MTEPS: 18.619
Total communication (average so far): 0
A BFS iteration is starting
param 90133 vertices with 3729948 edges
186497 up and 181 down
  s            107        0.00961
 0d            124        0.02211
  s          79323        0.01012
 1d          29548        0.01909
  s        1897857        0.01236
  c                       0.00010
 2u          29548        0.00097
 3u          58984        0.00026
 4u           1412        0.00016
  c                       0.00000
 5d              0        0.01515
  s              0        0.01265
53th starting vertex was 8488
Number iterations: 6
Number of vertices found: 90075
Number of edges traversed: 2097123
BFS time: 0.113796 seconds
MTEPS: 18.4288
Total communication (average so far): 0
A BFS iteration is starting
param 90133 vertices with 3729948 edges
186497 up and 181 down
  s              0        0.00973
 0d             22        0.01726
  s          21000        0.00935
 1d          11780        0.01670
  s        1670576        0.01157
  c                       0.00007
 2u          11780        0.00112
 3u          73483        0.00030
 4u           4772        0.00017
  c                       0.00000
 5d              0        0.01976
  s              0        0.01065
54th starting vertex was 74696
Number iterations: 6
Number of vertices found: 90075
Number of edges traversed: 2097123
BFS time: 0.116561 seconds
MTEPS: 17.9916
Total communication (average so far): 0
A BFS iteration is starting
param 90133 vertices with 3729948 edges
186497 up and 181 down
  s              3        0.01101
 0d             15        0.01627
  s          28016        0.01174
 1d          16205        0.01867
  s        1781898        0.01056
  c                       0.00008
 2u          16205        0.00106
 3u          70468        0.00183
 4u           3373        0.00018
  c                       0.00000
 5d              0        0.01447
  s              0        0.00974
55th starting vertex was 34216
Number iterations: 6
Number of vertices found: 90075
Number of edges traversed: 2097123
BFS time: 0.114159 seconds
MTEPS: 18.3701
Total communication (average so far): 0
A BFS iteration is starting
param 90133 vertices with 3729948 edges
186497 up and 181 down
  s              4        0.01064
 0d             12        0.01571
  s          12203        0.02292
 1d           9865        0.02920
  s        1604544        0.01820
  c                       0.00005
 2u           9865        0.00112
 3u          74508        0.00030
 4u           5665        0.00014
  c                       0.00000
 5d              0        0.01814
  s              0        0.01316
56th starting vertex was 82846
Number iterations: 6
Number of vertices found: 90075
Number of edges traversed: 2097123
BFS time: 0.157411 seconds
MTEPS: 13.3226
Total communication (average so far): 0
A BFS iteration is starting
param 90133 vertices with 3729948 edges
186497 up and 181 down
  s             11        0.01400
 0d             44        0.04260
  s          52425        0.02313
 1d          22040        0.01738
  s        1846043        0.01061
  c                       0.00008
 2u          22040        0.00101
 3u          65732        0.00025
 4u           2253        0.00011
  c                       0.00000
 5d              0        0.02418
  s              0        0.01055
57th starting vertex was 65966
Number iterations: 6
Number of vertices found: 90075
Number of edges traversed: 2097123
BFS time: 0.148318 seconds
MTEPS: 14.1394
Total communication (average so far): 0
A BFS iteration is starting
param 90133 vertices with 3729948 edges
186497 up and 181 down
  s              0        0.01175
 0d              1        0.01875
  s            168        0.01076
 1d           1055        0.01663
  s         680031        0.01078
  c                       0.00003
 2u           1055        0.00112
 3u          64205        0.00055
 4u          24634        0.00014
  c                       0.00000
 5d              0        0.01999
  s              0        0.01059
58th starting vertex was 11996
Number iterations: 6
Number of vertices found: 90075
Number of edges traversed: 2097123
BFS time: 0.116664 seconds
MTEPS: 17.9758
Total communication (average so far): 0
A BFS iteration is starting
param 90133 vertices with 3729948 edges
186497 up and 181 down
  s              0        0.01207
 0d             19        0.01676
  s          24764        0.01241
 1d          14962        0.01980
  s        1756776        0.01063
  c                       0.00008
 2u          14962        0.00105
 3u          71360        0.00029
 4u           3715        0.00016
  c                       0.00000
 5d              0        0.01846
  s              0        0.01204
59th starting vertex was 58008
Number iterations: 6
Number of vertices found: 90075
Number of edges traversed: 2097123
BFS time: 0.109928 seconds
MTEPS: 19.0772
Total communication (average so far): 0
A BFS iteration is starting
param 90133 vertices with 3729948 edges
186497 up and 181 down
  s              1        0.01069
 0d              1        0.02016
  s            217        0.01335
 1d            371        0.02309
  s         294802        0.00928
  c                       0.00003
 2u            371        0.00123
 3u          49070        0.00073
 4u          40159        0.00020
 5u            473        0.00016
  c                       0.00000
60th starting vertex was 38680
Number iterations: 6
Number of vertices found: 90075
Number of edges traversed: 2097123
BFS time: 0.080231 seconds
MTEPS: 26.1386
Total communication (average so far): 0
A BFS iteration is starting
param 90133 vertices with 3729948 edges
186497 up and 181 down
  s              0        0.00907
 0d             13        0.02273
  s           3792        0.01052
 1d           4884        0.01384
  s        1323380        0.01054
  c                       0.00003
 2u           4884        0.00109
 3u          75219        0.00033
 4u           9909        0.00011
  c                       0.00000
 5d              0        0.01825
  s              0        0.01058
61th starting vertex was 54522
Number iterations: 6
Number of vertices found: 90075
Number of edges traversed: 2097123
BFS time: 0.108015 seconds
MTEPS: 19.4152
Total communication (average so far): 0
A BFS iteration is starting
param 90133 vertices with 3729948 edges
186497 up and 181 down
  s             25        0.01302
 0d             40        0.02026
  s          63456        0.01093
 1d          23867        0.02232
  s        1857087        0.00910
  c                       0.00008
 2u          23867        0.00239
 3u          64130        0.00023
 4u           2029        0.00013
  c                       0.00000
 5d              0        0.01866
  s              0        0.01076
62th starting vertex was 84903
Number iterations: 6
Number of vertices found: 90075
Number of edges traversed: 2097123
BFS time: 0.116742 seconds
MTEPS: 17.9637
Total communication (average so far): 0
A BFS iteration is starting
param 90133 vertices with 3729948 edges
186497 up and 181 down
  s              0        0.00950
 0d              1        0.01866
  s            308        0.01148
 1d            347        0.02137
  s         296801        0.01208
  c                       0.00003
 2u            347        0.00125
 3u          49362        0.00069
 4u          39903        0.00018
 5u            460        0.00016
  c                       0.00000
 6d              0        0.01944
  s              0        0.01115
63th starting vertex was 78887
Number iterations: 7
Number of vertices found: 90075
Number of edges traversed: 2097123
BFS time: 0.117056 seconds
MTEPS: 17.9155
Total communication (average so far): 0
Finished
--------------------------
Min nedges: 2.09712e+06
First Quartile nedges: 2.09712e+06
Median nedges: 2.09712e+06
Third Quartile nedges: 2.09712e+06
Max nedges: 2.09712e+06
Mean nedges: 2.09712e+06
STDDEV nedges: 0
--------------------------
Min time: 0.0778658 seconds
First Quartile time: 0.112916 seconds
Median time: 0.115179 seconds
Third Quartile time: 0.117605 seconds
Max time: 0.157411 seconds
Mean time: 0.114067 seconds
STDDEV time: 0.0158598 seconds
--------------------------
Min MTEPS: 13.3226
First Quartile MTEPS: 17.8319
Median MTEPS: 18.2076
Third Quartile MTEPS: 18.5725
Max MTEPS: 26.9325
Harmonic mean of MTEPS: 18.385
Harmonic standard deviation of MTEPS: 2.55623
<end of output>
Test time =   8.89 sec
----------------------------------------------------------
Test Passed.
"DirOptBFS_Test" end time: Jun 05 18:52 CST
"DirOptBFS_Test" time elapsed: 00:00:08
----------------------------------------------------------

12/15 Testing: FBFS_Test
12/15 Test: FBFS_Test
Command: "/usr/bin/mpirun" "-np" "4" "./Applications/fbfs" "Gen" "16"
Directory: /home/allenzou/git/CombBLAS
"FBFS_Test" start time: Jun 05 18:52 CST
Output:
----------------------------------------------------------
Using synthetic data, which we ALWAYS permute for load balance
We only balance the original input, we don't repermute after each filter change
BFS is run on UNDIRECTED graph, hence hitting CCs, and TEPS is bidirectional
Forcing scale to : 16
graph_generation:               0.073014 s
Generated renamed edge lists
Converted to Boolean and removed 149 loops
As a whole: 65536 rows and 65536 columns and 909896 nonzeros
I/O (or generation) took 0.151654 seconds
As a whole: 65536 rows and 65536 columns and 909896 nonzeros
All degrees calculated
Load balance: 1.00815
Symmetricized
As a whole: 65536 rows and 65536 columns and 1819792 nonzeros
Found (and permuted) non-isolated vertices
Creating a new MPI data type for 11TwitterEdge
Dropped isolated vertices from input
COMBBLAS Warning: It is dangerous to create (matrix) objects without specifying the communicator, are you sure you want to create this object in MPI_COMM_WORLD?
As a whole: 46722 rows and 46722 columns and 18226 nonzeros
Load balance of 1% filtered case: 1.01328
COMBBLAS Warning: It is dangerous to create (matrix) objects without specifying the communicator, are you sure you want to create this object in MPI_COMM_WORLD?
As a whole: 46722 rows and 46722 columns and 182732 nonzeros
Load balance of 10% filtered case: 1.01451
COMBBLAS Warning: It is dangerous to create (matrix) objects without specifying the communicator, are you sure you want to create this object in MPI_COMM_WORLD?
As a whole: 46722 rows and 46722 columns and 456191 nonzeros
Load balance of 25% filtered case: 1.01664
COMBBLAS Warning: It is dangerous to create (matrix) objects without specifying the communicator, are you sure you want to create this object in MPI_COMM_WORLD?
As a whole: 46722 rows and 46722 columns and 1819792 nonzeros
Load balance of 100% filtered case: 1.0154
Load balance: 1.0154
COMBBLAS Warning: It is dangerous to create (vector) objects without specifying the communicator, are you sure you want to create this object in MPI_COMM_WORLD?
Initializing since date (only once) to 100
Creating a new MPI data type for 10ParentType
21th starting vertex was 14636
Number iterations: 14
Number of vertices found: 6467
Number of edges traversed in both directions: 12376
Number of edges processed in both directions: 1238056
Number of edges processed in one direction: 538101
BFS time: 0.331934 seconds
MTEPS (bidirectional): 0.0372845
MPEPS (bidirectional): 3.72982
MPEPS (unidirectional): 1.62111
Total communication (average so far): 0
27th starting vertex was 10726
Number iterations: 16
Number of vertices found: 6466
Number of edges traversed in both directions: 12375
Number of edges processed in both directions: 1238054
Number of edges processed in one direction: 538099
BFS time: 0.375557 seconds
MTEPS (bidirectional): 0.0329511
MPEPS (bidirectional): 3.29658
MPEPS (unidirectional): 1.4328
Total communication (average so far): 0
29th starting vertex was 24968
Number iterations: 15
Number of vertices found: 6468
Number of edges traversed in both directions: 12377
Number of edges processed in both directions: 1238186
Number of edges processed in one direction: 538175
BFS time: 0.346289 seconds
MTEPS (bidirectional): 0.0357418
MPEPS (bidirectional): 3.57559
MPEPS (unidirectional): 1.55412
Total communication (average so far): 0
44th starting vertex was 14643
Number iterations: 17
Number of vertices found: 6468
Number of edges traversed in both directions: 12377
Number of edges processed in both directions: 1238366
Number of edges processed in one direction: 538323
BFS time: 0.392456 seconds
MTEPS (bidirectional): 0.0315373
MPEPS (bidirectional): 3.15543
MPEPS (unidirectional): 1.37168
Total communication (average so far): 0
59th starting vertex was 31328
Number iterations: 15
Number of vertices found: 6467
Number of edges traversed in both directions: 12376
Number of edges processed in both directions: 1238128
Number of edges processed in one direction: 538128
BFS time: 0.353254 seconds
MTEPS (bidirectional): 0.0350343
MPEPS (bidirectional): 3.50492
MPEPS (unidirectional): 1.52335
Total communication (average so far): 0
61th starting vertex was 27709
Number iterations: 14
Number of vertices found: 6466
Number of edges traversed in both directions: 12375
Number of edges processed in both directions: 1238054
Number of edges processed in one direction: 538099
BFS time: 0.323269 seconds
MTEPS (bidirectional): 0.0382809
MPEPS (bidirectional): 3.8298
MPEPS (unidirectional): 1.66456
Total communication (average so far): 0
68th starting vertex was 32325
Number iterations: 14
Number of vertices found: 6467
Number of edges traversed in both directions: 12376
Number of edges processed in both directions: 1238058
Number of edges processed in one direction: 538102
BFS time: 0.315367 seconds
MTEPS (bidirectional): 0.0392431
MPEPS (bidirectional): 3.92576
MPEPS (unidirectional): 1.70627
Total communication (average so far): 0
69th starting vertex was 13532
Number iterations: 13
Number of vertices found: 6466
Number of edges traversed in both directions: 12375
Number of edges processed in both directions: 1238054
Number of edges processed in one direction: 538099
BFS time: 0.296672 seconds
MTEPS (bidirectional): 0.0417128
MPEPS (bidirectional): 4.17315
MPEPS (unidirectional): 1.81379
Total communication (average so far): 0
72th starting vertex was 32074
Number iterations: 14
Number of vertices found: 6466
Number of edges traversed in both directions: 12375
Number of edges processed in both directions: 1238054
Number of edges processed in one direction: 538099
BFS time: 0.323376 seconds
MTEPS (bidirectional): 0.0382682
MPEPS (bidirectional): 3.82853
MPEPS (unidirectional): 1.664
Total communication (average so far): 0
73th starting vertex was 36598
Number iterations: 14
Number of vertices found: 6467
Number of edges traversed in both directions: 12376
Number of edges processed in both directions: 1238084
Number of edges processed in one direction: 538111
BFS time: 0.323939 seconds
MTEPS (bidirectional): 0.0382047
MPEPS (bidirectional): 3.82196
MPEPS (unidirectional): 1.66115
Total communication (average so far): 0
99th starting vertex was 24519
Number iterations: 14
Number of vertices found: 6466
Number of edges traversed in both directions: 12375
Number of edges processed in both directions: 1238054
Number of edges processed in one direction: 538099
BFS time: 0.321801 seconds
MTEPS (bidirectional): 0.0384554
MPEPS (bidirectional): 3.84726
MPEPS (unidirectional): 1.67215
Total communication (average so far): 0
105th starting vertex was 42537
Number iterations: 15
Number of vertices found: 6467
Number of edges traversed in both directions: 12376
Number of edges processed in both directions: 1238064
Number of edges processed in one direction: 538102
BFS time: 0.350996 seconds
MTEPS (bidirectional): 0.0352596
MPEPS (bidirectional): 3.52729
MPEPS (unidirectional): 1.53307
Total communication (average so far): 0
106th starting vertex was 12406
Number iterations: 13
Number of vertices found: 6466
Number of edges traversed in both directions: 12375
Number of edges processed in both directions: 1238054
Number of edges processed in one direction: 538099
BFS time: 0.302072 seconds
MTEPS (bidirectional): 0.040967
MPEPS (bidirectional): 4.09854
MPEPS (unidirectional): 1.78136
Total communication (average so far): 0
115th starting vertex was 44691
Number iterations: 15
Number of vertices found: 6466
Number of edges traversed in both directions: 12375
Number of edges processed in both directions: 1238054
Number of edges processed in one direction: 538099
BFS time: 0.341227 seconds
MTEPS (bidirectional): 0.0362661
MPEPS (bidirectional): 3.62824
MPEPS (unidirectional): 1.57695
Total communication (average so far): 0
121th starting vertex was 24923
Number iterations: 13
Number of vertices found: 6466
Number of edges traversed in both directions: 12375
Number of edges processed in both directions: 1238054
Number of edges processed in one direction: 538099
BFS time: 0.312103 seconds
MTEPS (bidirectional): 0.0396504
MPEPS (bidirectional): 3.96681
MPEPS (unidirectional): 1.72411
Total communication (average so far): 0
132th starting vertex was 31013
Number iterations: 13
Number of vertices found: 6466
Number of edges traversed in both directions: 12375
Number of edges processed in both directions: 1238054
Number of edges processed in one direction: 538099
BFS time: 0.291535 seconds
MTEPS (bidirectional): 0.0424477
MPEPS (bidirectional): 4.24667
MPEPS (unidirectional): 1.84574
Total communication (average so far): 0
16 valid runs done
Connected component lower limite was 100
Per iteration communication times: 
AllGatherv: 0
AlltoAllv: 0
--------------------------
Min nedges: 12375
Median nedges: 12375
Max nedges: 12377
Mean nedges: 12375.6
STDDEV nedges: 0.727438
--------------------------
Filter keeps 1 percentage of edges
Min time: 0.291535 seconds
Median time: 0.323658 seconds
Max time: 0.392456 seconds
Mean time: 0.331365 seconds
STDDEV time: 0.0275934 seconds
--------------------------
Min MTEPS: 0.0315373
Median MTEPS: 0.0382364
Max MTEPS: 0.0424477
Harmonic mean of MTEPS: 0.0373473
Harmonic standard deviation of MTEPS: 0.00310868
Bidirectional Processed Edges per second (to estimate sustained BW)
Min MPEPS: 3.15543
Median MPEPS: 3.82525
Max MPEPS: 4.24667
Harmonic mean of MPEPS: 3.73634
Harmonic standard deviation of MPEPS: 0.31095
Initializing since date (only once) to 1000
1th starting vertex was 46590
Number iterations: 9
Number of vertices found: 24459
Number of edges traversed in both directions: 174064
Number of edges processed in both directions: 1733065
Number of edges processed in one direction: 846215
BFS time: 0.220016 seconds
MTEPS (bidirectional): 0.791141
MPEPS (bidirectional): 7.87698
MPEPS (unidirectional): 3.84614
Total communication (average so far): 0
6th starting vertex was 14125
Number iterations: 8
Number of vertices found: 24459
Number of edges traversed in both directions: 174064
Number of edges processed in both directions: 1733065
Number of edges processed in one direction: 846215
BFS time: 0.18528 seconds
MTEPS (bidirectional): 0.939467
MPEPS (bidirectional): 9.35378
MPEPS (unidirectional): 4.56723
Total communication (average so far): 0
8th starting vertex was 6856
Number iterations: 8
Number of vertices found: 24459
Number of edges traversed in both directions: 174064
Number of edges processed in both directions: 1733065
Number of edges processed in one direction: 846215
BFS time: 0.189778 seconds
MTEPS (bidirectional): 0.917199
MPEPS (bidirectional): 9.13207
MPEPS (unidirectional): 4.45898
Total communication (average so far): 0
9th starting vertex was 11030
Number iterations: 8
Number of vertices found: 24460
Number of edges traversed in both directions: 174065
Number of edges processed in both directions: 1733066
Number of edges processed in one direction: 846216
BFS time: 0.200107 seconds
MTEPS (bidirectional): 0.869858
MPEPS (bidirectional): 8.66068
MPEPS (unidirectional): 4.22881
Total communication (average so far): 0
11th starting vertex was 18529
Number iterations: 8
Number of vertices found: 24459
Number of edges traversed in both directions: 174064
Number of edges processed in both directions: 1733065
Number of edges processed in one direction: 846215
BFS time: 0.19075 seconds
MTEPS (bidirectional): 0.912526
MPEPS (bidirectional): 9.08555
MPEPS (unidirectional): 4.43626
Total communication (average so far): 0
12th starting vertex was 8702
Number iterations: 8
Number of vertices found: 24459
Number of edges traversed in both directions: 174064
Number of edges processed in both directions: 1733065
Number of edges processed in one direction: 846215
BFS time: 0.194834 seconds
MTEPS (bidirectional): 0.893395
MPEPS (bidirectional): 8.89507
MPEPS (unidirectional): 4.34326
Total communication (average so far): 0
13th starting vertex was 18123
Number iterations: 8
Number of vertices found: 24459
Number of edges traversed in both directions: 174064
Number of edges processed in both directions: 1733065
Number of edges processed in one direction: 846215
BFS time: 0.19801 seconds
MTEPS (bidirectional): 0.879067
MPEPS (bidirectional): 8.75241
MPEPS (unidirectional): 4.2736
Total communication (average so far): 0
15th starting vertex was 31291
Number iterations: 8
Number of vertices found: 24459
Number of edges traversed in both directions: 174064
Number of edges processed in both directions: 1733065
Number of edges processed in one direction: 846215
BFS time: 0.20702 seconds
MTEPS (bidirectional): 0.840807
MPEPS (bidirectional): 8.37147
MPEPS (unidirectional): 4.08759
Total communication (average so far): 0
18th starting vertex was 25174
Number iterations: 8
Number of vertices found: 24459
Number of edges traversed in both directions: 174064
Number of edges processed in both directions: 1733065
Number of edges processed in one direction: 846215
BFS time: 0.198935 seconds
MTEPS (bidirectional): 0.874978
MPEPS (bidirectional): 8.7117
MPEPS (unidirectional): 4.25372
Total communication (average so far): 0
21th starting vertex was 14636
Number iterations: 8
Number of vertices found: 24460
Number of edges traversed in both directions: 174065
Number of edges processed in both directions: 1733067
Number of edges processed in one direction: 846217
BFS time: 0.191416 seconds
MTEPS (bidirectional): 0.909353
MPEPS (bidirectional): 9.05392
MPEPS (unidirectional): 4.42082
Total communication (average so far): 0
22th starting vertex was 32014
Number iterations: 9
Number of vertices found: 24460
Number of edges traversed in both directions: 174065
Number of edges processed in both directions: 1733074
Number of edges processed in one direction: 846220
BFS time: 0.213289 seconds
MTEPS (bidirectional): 0.816101
MPEPS (bidirectional): 8.12549
MPEPS (unidirectional): 3.96749
Total communication (average so far): 0
23th starting vertex was 24507
Number iterations: 8
Number of vertices found: 24459
Number of edges traversed in both directions: 174064
Number of edges processed in both directions: 1733065
Number of edges processed in one direction: 846215
BFS time: 0.19045 seconds
MTEPS (bidirectional): 0.91396
MPEPS (bidirectional): 9.09982
MPEPS (unidirectional): 4.44323
Total communication (average so far): 0
26th starting vertex was 41027
Number iterations: 8
Number of vertices found: 24461
Number of edges traversed in both directions: 174068
Number of edges processed in both directions: 1733091
Number of edges processed in one direction: 846235
BFS time: 0.191257 seconds
MTEPS (bidirectional): 0.910125
MPEPS (bidirectional): 9.06157
MPEPS (unidirectional): 4.42459
Total communication (average so far): 0
27th starting vertex was 10726
Number iterations: 8
Number of vertices found: 24459
Number of edges traversed in both directions: 174064
Number of edges processed in both directions: 1733065
Number of edges processed in one direction: 846215
BFS time: 0.200264 seconds
MTEPS (bidirectional): 0.869172
MPEPS (bidirectional): 8.65389
MPEPS (unidirectional): 4.22549
Total communication (average so far): 0
29th starting vertex was 24968
Number iterations: 8
Number of vertices found: 24459
Number of edges traversed in both directions: 174064
Number of edges processed in both directions: 1733065
Number of edges processed in one direction: 846215
BFS time: 0.195101 seconds
MTEPS (bidirectional): 0.892172
MPEPS (bidirectional): 8.88289
MPEPS (unidirectional): 4.33731
Total communication (average so far): 0
30th starting vertex was 31325
Number iterations: 8
Number of vertices found: 24459
Number of edges traversed in both directions: 174064
[...]
1th starting vertex was 46590
Number iterations: 7
Number of vertices found: 33549
Number of edges traversed in both directions: 448639
Number of edges processed in both directions: 1789520
Number of edges processed in one direction: 886876
BFS time: 0.185878 seconds
MTEPS (bidirectional): 2.41362
MPEPS (bidirectional): 9.6274
MPEPS (unidirectional): 4.77129
Total communication (average so far): 0
2th starting vertex was 33655
Number iterations: 7
Number of vertices found: 33549
Number of edges traversed in both directions: 448639
Number of edges processed in both directions: 1789520
Number of edges processed in one direction: 886876
BFS time: 0.188234 seconds
MTEPS (bidirectional): 2.38341
MPEPS (bidirectional): 9.50687
MPEPS (unidirectional): 4.71155
Total communication (average so far): 0
6th starting vertex was 14125
Number iterations: 7
Number of vertices found: 33549
Number of edges traversed in both directions: 448639
Number of edges processed in both directions: 1789520
Number of edges processed in one direction: 886876
BFS time: 0.188746 seconds
MTEPS (bidirectional): 2.37694
MPEPS (bidirectional): 9.48108
MPEPS (unidirectional): 4.69877
Total communication (average so far): 0
8th starting vertex was 6856
Number iterations: 7
Number of vertices found: 33549
Number of edges traversed in both directions: 448639
Number of edges processed in both directions: 1789520
Number of edges processed in one direction: 886876
BFS time: 0.18771 seconds
MTEPS (bidirectional): 2.39007
MPEPS (bidirectional): 9.53345
MPEPS (unidirectional): 4.72472
Total communication (average so far): 0
9th starting vertex was 11030
Number iterations: 8
Number of vertices found: 33550
Number of edges traversed in both directions: 448640
Number of edges processed in both directions: 1789521
Number of edges processed in one direction: 886877
BFS time: 0.214494 seconds
MTEPS (bidirectional): 2.09162
MPEPS (bidirectional): 8.343
MPEPS (unidirectional): 4.13475
Total communication (average so far): 0
11th starting vertex was 18529
Number iterations: 7
Number of vertices found: 33549
Number of edges traversed in both directions: 448639
Number of edges processed in both directions: 1789520
Number of edges processed in one direction: 886876
BFS time: 0.196308 seconds
MTEPS (bidirectional): 2.28538
MPEPS (bidirectional): 9.11587
MPEPS (unidirectional): 4.51778
Total communication (average so far): 0
12th starting vertex was 8702
Number iterations: 7
Number of vertices found: 33549
Number of edges traversed in both directions: 448639
Number of edges processed in both directions: 1789520
Number of edges processed in one direction: 886876
BFS time: 0.188065 seconds
MTEPS (bidirectional): 2.38555
MPEPS (bidirectional): 9.51542
MPEPS (unidirectional): 4.71579
Total communication (average so far): 0
13th starting vertex was 18123
Number iterations: 7
Number of vertices found: 33549
Number of edges traversed in both directions: 448639
Number of edges processed in both directions: 1789520
Number of edges processed in one direction: 886876
BFS time: 0.181388 seconds
MTEPS (bidirectional): 2.47336
MPEPS (bidirectional): 9.86569
MPEPS (unidirectional): 4.88938
Total communication (average so far): 0
15th starting vertex was 31291
Number iterations: 7
Number of vertices found: 33549
Number of edges traversed in both directions: 448639
Number of edges processed in both directions: 1789520
Number of edges processed in one direction: 886876
BFS time: 0.180041 seconds
MTEPS (bidirectional): 2.49187
MPEPS (bidirectional): 9.93952
MPEPS (unidirectional): 4.92597
Total communication (average so far): 0
18th starting vertex was 25174
Number iterations: 7
Number of vertices found: 33549
Number of edges traversed in both directions: 448639
Number of edges processed in both directions: 1789520
Number of edges processed in one direction: 886876
BFS time: 0.183863 seconds
MTEPS (bidirectional): 2.44007
MPEPS (bidirectional): 9.73289
MPEPS (unidirectional): 4.82357
Total communication (average so far): 0
21th starting vertex was 14636
Number iterations: 8
Number of vertices found: 33550
Number of edges traversed in both directions: 448640
Number of edges processed in both directions: 1789522
Number of edges processed in one direction: 886878
BFS time: 0.217986 seconds
MTEPS (bidirectional): 2.05812
MPEPS (bidirectional): 8.20935
MPEPS (unidirectional): 4.06851
Total communication (average so far): 0
22th starting vertex was 32014
Number iterations: 8
Number of vertices found: 33550
Number of edges traversed in both directions: 448640
Number of edges processed in both directions: 1789529
Number of edges processed in one direction: 886881
BFS time: 0.215552 seconds
MTEPS (bidirectional): 2.08135
MPEPS (bidirectional): 8.30206
MPEPS (unidirectional): 4.11446
Total communication (average so far): 0
23th starting vertex was 24507
Number iterations: 7
Number of vertices found: 33549
Number of edges traversed in both directions: 448639
Number of edges processed in both directions: 1789520
Number of edges processed in one direction: 886876
BFS time: 0.186547 seconds
MTEPS (bidirectional): 2.40497
MPEPS (bidirectional): 9.59289
MPEPS (unidirectional): 4.75418
Total communication (average so far): 0
25th starting vertex was 20719
Number iterations: 7
Number of vertices found: 33550
Number of edges traversed in both directions: 448641
Number of edges processed in both directions: 1789524
Number of edges processed in one direction: 886879
BFS time: 0.18936 seconds
MTEPS (bidirectional): 2.36925
MPEPS (bidirectional): 9.45037
MPEPS (unidirectional): 4.68356
Total communication (average so far): 0
26th starting vertex was 41027
Number iterations: 7
Number of vertices found: 33549
Number of edges traversed in both directions: 448639
Number of edges processed in both directions: 1789520
Number of edges processed in one direction: 886876
BFS time: 0.18135 seconds
MTEPS (bidirectional): 2.47388
MPEPS (bidirectional): 9.86777
MPEPS (unidirectional): 4.89041
Total communication (average so far): 0
16 valid runs done
Connected component lower limite was 100
Per iteration communication times: 
AllGatherv: 0
AlltoAllv: 0
--------------------------
Min nedges: 448639
Median nedges: 448639
Max nedges: 448641
Mean nedges: 448639
STDDEV nedges: 0.619139
--------------------------
Filter keeps 25 percentage of edges
Min time: 0.180041 seconds
Median time: 0.18815 seconds
Max time: 0.217986 seconds
Mean time: 0.193109 seconds
STDDEV time: 0.0127861 seconds
--------------------------
Min MTEPS: 2.05812
Median MTEPS: 2.38448
Max MTEPS: 2.49187
Harmonic mean of MTEPS: 2.32325
Harmonic standard deviation of MTEPS: 0.153825
Bidirectional Processed Edges per second (to estimate sustained BW)
Min MPEPS: 8.20935
Median MPEPS: 9.51115
Max MPEPS: 9.93952
Harmonic mean of MPEPS: 9.2669
Harmonic standard deviation of MPEPS: 0.613573
Initializing since date (only once) to 10000
0th starting vertex was 19484
Number iterations: 6
Number of vertices found: 46700
Number of edges traversed in both directions: 1819770
Number of edges processed in both directions: 1819770
Number of edges processed in one direction: 909885
BFS time: 0.223452 seconds
MTEPS (bidirectional): 8.1439
MPEPS (bidirectional): 8.1439
MPEPS (unidirectional): 4.07195
Total communication (average so far): 0
1th starting vertex was 46590
Number iterations: 6
Number of vertices found: 46700
Number of edges traversed in both directions: 1819770
Number of edges processed in both directions: 1819770
Number of edges processed in one direction: 909885
BFS time: 0.204269 seconds
MTEPS (bidirectional): 8.90869
MPEPS (bidirectional): 8.90869
MPEPS (unidirectional): 4.45434
Total communication (average so far): 0
2th starting vertex was 33655
Number iterations: 6
Number of vertices found: 46700
Number of edges traversed in both directions: 1819770
Number of edges processed in both directions: 1819770
Number of edges processed in one direction: 909885
BFS time: 0.192757 seconds
MTEPS (bidirectional): 9.44076
MPEPS (bidirectional): 9.44076
MPEPS (unidirectional): 4.72038
Total communication (average so far): 0
3th starting vertex was 43570
Number iterations: 7
Number of vertices found: 46700
Number of edges traversed in both directions: 1819770
Number of edges processed in both directions: 1819770
Number of edges processed in one direction: 909885
BFS time: 0.215658 seconds
MTEPS (bidirectional): 8.43823
MPEPS (bidirectional): 8.43823
MPEPS (unidirectional): 4.21912
Total communication (average so far): 0
4th starting vertex was 5
Number iterations: 6
Number of vertices found: 46700
Number of edges traversed in both directions: 1819770
Number of edges processed in both directions: 1819770
Number of edges processed in one direction: 909885
BFS time: 0.191283 seconds
MTEPS (bidirectional): 9.51348
MPEPS (bidirectional): 9.51348
MPEPS (unidirectional): 4.75674
Total communication (average so far): 0
5th starting vertex was 5986
Number iterations: 6
Number of vertices found: 46700
Number of edges traversed in both directions: 1819770
Number of edges processed in both directions: 1819770
Number of edges processed in one direction: 909885
BFS time: 0.193514 seconds
MTEPS (bidirectional): 9.40381
MPEPS (bidirectional): 9.40381
MPEPS (unidirectional): 4.70191
Total communication (average so far): 0
6th starting vertex was 14125
Number iterations: 6
Number of vertices found: 46700
Number of edges traversed in both directions: 1819770
Number of edges processed in both directions: 1819770
Number of edges processed in one direction: 909885
BFS time: 0.20659 seconds
MTEPS (bidirectional): 8.8086
MPEPS (bidirectional): 8.8086
MPEPS (unidirectional): 4.4043
Total communication (average so far): 0
7th starting vertex was 46677
Number iterations: 6
Number of vertices found: 46700
Number of edges traversed in both directions: 1819770
Number of edges processed in both directions: 1819770
Number of edges processed in one direction: 909885
BFS time: 0.212012 seconds
MTEPS (bidirectional): 8.58334
MPEPS (bidirectional): 8.58334
MPEPS (unidirectional): 4.29167
Total communication (average so far): 0
8th starting vertex was 6856
Number iterations: 6
Number of vertices found: 46700
Number of edges traversed in both directions: 1819770
Number of edges processed in both directions: 1819770
Number of edges processed in one direction: 909885
BFS time: 0.209422 seconds
MTEPS (bidirectional): 8.6895
MPEPS (bidirectional): 8.6895
MPEPS (unidirectional): 4.34475
Total communication (average so far): 0
9th starting vertex was 11030
Number iterations: 6
Number of vertices found: 46700
Number of edges traversed in both directions: 1819770
Number of edges processed in both directions: 1819770
Number of edges processed in one direction: 909885
BFS time: 0.21493 seconds
MTEPS (bidirectional): 8.46681
MPEPS (bidirectional): 8.46681
MPEPS (unidirectional): 4.23341
Total communication (average so far): 0
10th starting vertex was 4314
Number iterations: 6
Number of vertices found: 46700
Number of edges traversed in both directions: 1819770
Number of edges processed in both directions: 1819770
Number of edges processed in one direction: 909885
BFS time: 0.192293 seconds
MTEPS (bidirectional): 9.46352
MPEPS (bidirectional): 9.46352
MPEPS (unidirectional): 4.73176
Total communication (average so far): 0
11th starting vertex was 18529
Number iterations: 6
Number of vertices found: 46700
Number of edges traversed in both directions: 1819770
Number of edges processed in both directions: 1819770
Number of edges processed in one direction: 909885
BFS time: 0.21333 seconds
MTEPS (bidirectional): 8.53031
MPEPS (bidirectional): 8.53031
MPEPS (unidirectional): 4.26516
Total communication (average so far): 0
12th starting vertex was 8702
Number iterations: 6
Number of vertices found: 46700
Number of edges traversed in both directions: 1819770
Number of edges processed in both directions: 1819770
Number of edges processed in one direction: 909885
BFS time: 0.204959 seconds
MTEPS (bidirectional): 8.87869
MPEPS (bidirectional): 8.87869
MPEPS (unidirectional): 4.43934
Total communication (average so far): 0
13th starting vertex was 18123
Number iterations: 6
Number of vertices found: 46700
Number of edges traversed in both directions: 1819770
Number of edges processed in both directions: 1819770
Number of edges processed in one direction: 909885
BFS time: 0.193382 seconds
MTEPS (bidirectional): 9.41025
MPEPS (bidirectional): 9.41025
MPEPS (unidirectional): 4.70512
Total communication (average so far): 0
14th starting vertex was 16145
Number iterations: 6
Number of vertices found: 46700
Number of edges traversed in both directions: 1819770
Number of edges processed in both directions: 1819770
Number of edges processed in one direction: 909885
BFS time: 0.224176 seconds
MTEPS (bidirectional): 8.11759
MPEPS (bidirectional): 8.11759
MPEPS (unidirectional): 4.05879
Total communication (average so far): 0
15th starting vertex was 31291
Number iterations: 6
Number of vertices found: 46700
Number of edges traversed in both directions: 1819770
Number of edges processed in both directions: 1819770
Number of edges processed in one direction: 909885
BFS time: 0.214244 seconds
MTEPS (bidirectional): 8.49393
MPEPS (bidirectional): 8.49393
MPEPS (unidirectional): 4.24696
Total communication (average so far): 0
16 valid runs done
Connected component lower limite was 100
Per iteration communication times: 
AllGatherv: 0
AlltoAllv: 0
--------------------------
Min nedges: 1.81977e+06
Median nedges: 1.81977e+06
Max nedges: 1.81977e+06
Mean nedges: 1.81977e+06
STDDEV nedges: 0
--------------------------
Filter keeps 100 percentage of edges
Min time: 0.191283 seconds
Median time: 0.208006 seconds
Max time: 0.224176 seconds
Mean time: 0.206642 seconds
STDDEV time: 0.0111663 seconds
--------------------------
Min MTEPS: 8.11759
Median MTEPS: 8.74905
Max MTEPS: 9.51348
Harmonic mean of MTEPS: 8.80639
Harmonic standard deviation of MTEPS: 0.47587
Bidirectional Processed Edges per second (to estimate sustained BW)
Min MPEPS: 8.11759
Median MPEPS: 8.74905
Max MPEPS: 9.51348
Harmonic mean of MPEPS: 8.80639
Harmonic standard deviation of MPEPS: 0.47587
<end of output>
Test time =  21.66 sec
----------------------------------------------------------
Test Passed.
"FBFS_Test" end time: Jun 05 18:53 CST
"FBFS_Test" time elapsed: 00:00:21
----------------------------------------------------------

13/15 Testing: FMIS_Test
13/15 Test: FMIS_Test
Command: "/usr/bin/mpirun" "-np" "4" "./Applications/fmis" "17"
Directory: /home/allenzou/git/CombBLAS
"FMIS_Test" start time: Jun 05 18:53 CST
Output:
----------------------------------------------------------
COMBBLAS Warning: It is dangerous to create (matrix) objects without specifying the communicator, are you sure you want to create this object in MPI_COMM_WORLD?
Using synthetic data, which we ALWAYS permute for load balance
We only balance the original input, we don't repermute after each filter change
BFS is run on UNDIRECTED graph, hence hitting CCs, and TEPS is bidirectional
Forcing scale to : 17
graph_generation:               0.057668 s
Generated renamed edge lists
Converted to Boolean and removed 75 loops
As a whole: 131072 rows and 131072 columns and 619978 nonzeros
Generation took 0.114881 seconds
As a whole: 131072 rows and 131072 columns and 619978 nonzeros
All degrees calculated
Load balance: 1.02317
Symmetricized
As a whole: 131072 rows and 131072 columns and 1239956 nonzeros
Symmetricized Rands
As a whole: 131072 rows and 131072 columns and 1239956 nonzeros
Found (and permuted) non-isolated vertices
Creating a new MPI data type for 11TwitterEdge
Dropped isolated vertices from input
COMBBLAS Warning: It is dangerous to create (matrix) objects without specifying the communicator, are you sure you want to create this object in MPI_COMM_WORLD?
As a whole: 68270 rows and 68270 columns and 12640 nonzeros
Load balance of 1% filtered case: 1.02215
COMBBLAS Warning: It is dangerous to create (matrix) objects without specifying the communicator, are you sure you want to create this object in MPI_COMM_WORLD?
As a whole: 68270 rows and 68270 columns and 124430 nonzeros
Load balance of 10% filtered case: 1.01056
COMBBLAS Warning: It is dangerous to create (matrix) objects without specifying the communicator, are you sure you want to create this object in MPI_COMM_WORLD?
As a whole: 68270 rows and 68270 columns and 310762 nonzeros
Load balance of 25% filtered case: 1.01287
COMBBLAS Warning: It is dangerous to create (matrix) objects without specifying the communicator, are you sure you want to create this object in MPI_COMM_WORLD?
As a whole: 68270 rows and 68270 columns and 1239956 nonzeros
Load balance of 100% filtered case: 1.01234
Load balance: 1.01234
Initializing since date (only once) to 100

===================================================================================
=   BAD TERMINATION OF ONE OF YOUR APPLICATION PROCESSES
=   EXIT CODE: 139
=   CLEANING UP REMAINING PROCESSES
=   YOU CAN IGNORE THE BELOW CLEANUP MESSAGES
===================================================================================
YOUR APPLICATION TERMINATED WITH THE EXIT STRING: Segmentation fault (signal 11)
This typically refers to a problem with your application.
Please see the FAQ page for debugging suggestions
<end of output>
Test time =   0.80 sec
----------------------------------------------------------
Test Failed.
"FMIS_Test" end time: Jun 05 18:53 CST
"FMIS_Test" time elapsed: 00:00:00
----------------------------------------------------------

14/15 Testing: Mcl_Test
14/15 Test: Mcl_Test
Command: "/usr/bin/mpirun" "-np" "4" "./Applications/ppcl" "TESTDATA/SCALE168BTW-TRANSBOOL/" "2" "0.00001"
Directory: /home/allenzou/git/CombBLAS
"Mcl_Test" start time: Jun 05 18:53 CST
Output:
----------------------------------------------------------
COMBBLAS: Input file doesn't exist
COMBBLAS: Input file doesn't exist
Problem reading binary input file
Problem reading binary input file

===================================================================================
=   BAD TERMINATION OF ONE OF YOUR APPLICATION PROCESSES
=   EXIT CODE: 139
=   CLEANING UP REMAINING PROCESSES
=   YOU CAN IGNORE THE BELOW CLEANUP MESSAGES
===================================================================================
YOUR APPLICATION TERMINATED WITH THE EXIT STRING: Segmentation fault (signal 11)
This typically refers to a problem with your application.
Please see the FAQ page for debugging suggestions
<end of output>
Test time =   0.08 sec
----------------------------------------------------------
Test Failed.
"Mcl_Test" end time: Jun 05 18:53 CST
"Mcl_Test" time elapsed: 00:00:00
----------------------------------------------------------

15/15 Testing: PPCL_Test
15/15 Test: PPCL_Test
Command: "/usr/bin/mpirun" "-np" "4" "./Applications/ppcl" "TESTDATA/SCALE168BTW-TRANSBOOL/"
Directory: /home/allenzou/git/CombBLAS
"PPCL_Test" start time: Jun 05 18:53 CST
Output:
----------------------------------------------------------
COMBBLAS: Input file doesn't exist
COMBBLAS: Input file doesn't exist
Problem reading binary input file
Problem reading binary input file

===================================================================================
=   BAD TERMINATION OF ONE OF YOUR APPLICATION PROCESSES
=   EXIT CODE: 139
=   CLEANING UP REMAINING PROCESSES
=   YOU CAN IGNORE THE BELOW CLEANUP MESSAGES
===================================================================================
YOUR APPLICATION TERMINATED WITH THE EXIT STRING: Segmentation fault (signal 11)
This typically refers to a problem with your application.
Please see the FAQ page for debugging suggestions
<end of output>
Test time =   0.08 sec
----------------------------------------------------------
Test Failed.
"PPCL_Test" end time: Jun 05 18:53 CST
"PPCL_Test" time elapsed: 00:00:00
----------------------------------------------------------

End testing: Jun 05 18:53 CST
